app/build/intermediates/manifest_merge_blame_file/civDebug/manifest-merger-blame-civ-debug-report.txt
1<?xml version="1.0" encoding="utf-8"?>
2<manifest xmlns:android="http://schemas.android.com/apk/res/android"
3    package="com.atakmap.android.plugintemplate.plugin"
4    android:versionCode="1"
5    android:versionName="1.0 (1) - [4.2.0]" >
6
7    <uses-sdk android:minSdkVersion="21" />
7-->src\main\AndroidManifest.xml
8
9    <application
9-->src\main\AndroidManifest.xml:6:5-17:19
10        android:allowBackup="false"
10-->src\main\AndroidManifest.xml:7:9-36
11        android:debuggable="true"
12        android:description="@string/app_desc"
12-->src\main\AndroidManifest.xml:10:9-47
13        android:extractNativeLibs="true"
13-->src\main\AndroidManifest.xml:11:9-41
14        android:icon="@drawable/ic_launcher"
14-->src\main\AndroidManifest.xml:8:9-45
15        android:label="@string/app_name"
15-->src\main\AndroidManifest.xml:9:9-41
16        android:theme="@style/AppTheme" >
16-->src\main\AndroidManifest.xml:12:9-40
17        <meta-data
18            android:name="plugin-api"
18-->src\main\AndroidManifest.xml:13:20-45
19            android:value="com.atakmap.app@4.2.0.CIV" />
19-->src\main\AndroidManifest.xml:13:46-79
20        <meta-data
20-->src\main\AndroidManifest.xml:14:9-78
21            android:name="app_desc"
21-->src\main\AndroidManifest.xml:14:20-43
22            android:value="@string/app_desc" />
22-->src\main\AndroidManifest.xml:14:44-76
23    </application>
24
25</manifest>